<?xml version="1.0" encoding="UTF-8"?>
<!-- Generated by org.testng.reporters.JUnitReportReporter -->
<testsuite hostname="LAPTOP-031RNPLC" failures="0" tests="1" name="utility.using_json_utility" time="2.217" errors="0" timestamp="2021-11-23T12:46:50 IST" skipped="0">
  <testcase classname="utility.using_json_utility" name="loginUsingJson" time="2.217"/>
</testsuite> <!-- utility.using_json_utility -->
