<?xml version="1.0" encoding="UTF-8"?>
<!-- Generated by org.testng.reporters.JUnitReportReporter -->
<testsuite hostname="LAPTOP-031RNPLC" failures="0" tests="1" name="utility.dataBaseOperation" time="0.199" errors="0" timestamp="2021-11-23T17:27:49 IST" skipped="0">
  <testcase classname="utility.dataBaseOperation" name="tc1" time="0.199"/>
</testsuite> <!-- utility.dataBaseOperation -->
