<?xml version="1.0" encoding="UTF-8"?>
<!-- Generated by org.testng.reporters.JUnitReportReporter -->
<testsuite hostname="NoahLenin" failures="0" tests="3" name="Practice.order_of_execution_annotations" time="0.009" errors="0" timestamp="2021-11-29T13:15:14 IST" skipped="0">
  <testcase classname="Practice.order_of_execution_annotations" name="wednesday" time="0.001"/>
  <testcase classname="Practice.order_of_execution_annotations" name="monday" time="0.006"/>
  <testcase classname="Practice.order_of_execution_annotations" name="tuesday" time="0.002"/>
</testsuite> <!-- Practice.order_of_execution_annotations -->
