<?xml version="1.0" encoding="UTF-8"?>
<!-- Generated by org.testng.reporters.JUnitReportReporter -->
<testsuite hostname="LAPTOP-031RNPLC" failures="0" tests="1" name="utility.LoginUsingProperty" time="1.916" errors="0" timestamp="2021-11-23T11:03:34 IST" skipped="0">
  <testcase classname="utility.LoginUsingProperty" name="readLoginData" time="1.916"/>
</testsuite> <!-- utility.LoginUsingProperty -->
