<?xml version="1.0" encoding="UTF-8"?>
<!-- Generated by org.testng.reporters.JUnitReportReporter -->
<testsuite hostname="LAPTOP-031RNPLC" failures="0" tests="1" name="utility.excel_File" time="0.505" errors="0" timestamp="2021-11-23T12:50:43 IST" skipped="0">
  <testcase classname="utility.excel_File" name="login_excel" time="0.505"/>
</testsuite> <!-- utility.excel_File -->
