<?xml version="1.0" encoding="UTF-8"?>
<!-- Generated by org.testng.reporters.JUnitReportReporter -->
<testsuite hostname="NoahLenin" failures="0" tests="5" name="Practice.data_Provider" time="0.010" errors="0" timestamp="2021-11-28T18:42:26 IST" skipped="0">
  <testcase classname="Practice.data_Provider" name="ticketbooking" time="0.006"/>
  <testcase classname="Practice.data_Provider" name="ticketbooking" time="0.001"/>
  <testcase classname="Practice.data_Provider" name="ticketbooking" time="0.001"/>
  <testcase classname="Practice.data_Provider" name="ticketbooking" time="0.001"/>
  <testcase classname="Practice.data_Provider" name="ticketbooking" time="0.001"/>
</testsuite> <!-- Practice.data_Provider -->
